<?xml version="1.0" encoding="utf-8"?><testsuites name="pytest tests"><testsuite name="pytest" errors="0" failures="0" skipped="0" tests="28" time="5.092" timestamp="2026-08-24T17:53:42.162729+00:00" hostname="agent-env-35262f13-2cc5-472a-b1d2-4e393b2c2603"><testcase classname="test_offer_feed.TestCronAuth" name="test_no_secret_returns_401" time="0.005" /><testcase classname="test_offer_feed.TestCronAuth" name="test_wrong_secret_returns_401" time="0.004" /><testcase classname="test_offer_feed.TestCronAuth" name="test_wrong_bearer_returns_401" time="0.002" /><testcase classname="test_offer_feed.TestCronAuth" name="test_post_without_secret_returns_401" time="0.003" /><testcase classname="test_offer_feed.TestCronAuth" name="test_header_secret_authorizes" time="0.957" /><testcase classname="test_offer_feed.TestCronAuth" name="test_bearer_secret_authorizes" time="0.356" /><testcase classname="test_offer_feed.TestCronRefresh" name="test_forced_refresh_success" time="0.929" /><testcase classname="test_offer_feed.TestCronRefresh" name="test_us_refreshed_with_capped_count" time="0.000" /><testcase classname="test_offer_feed.TestCronRefresh" name="test_all_counts_respect_cap" time="0.000" /><testcase classname="test_offer_feed.TestFeedCacheTable" name="test_us_cache_row_exists" time="0.136" /><testcase classname="test_offer_feed.TestFeedCacheTable" name="test_cache_offers_payload_shape" time="0.089" /><testcase classname="test_offer_feed.TestFeedCacheTable" name="test_expiry_window_matches_refresh_interval" time="0.172" /><testcase classname="test_offer_feed.TestFeedCacheTable" name="test_cache_is_fresh_after_run" time="0.075" /><testcase classname="test_offer_feed.TestFeedCacheTable" name="test_unique_provider_country" time="0.069" /><testcase classname="test_offer_feed.TestFeedSettings" name="test_singleton_defaults" time="0.071" /><testcase classname="test_offer_feed.TestFeedSettings" name="test_settings_constraints_enforced" time="0.251" /><testcase classname="test_offer_feed.TestNetworkOffers" name="test_network_offers_exist_and_active" time="0.100" /><testcase classname="test_offer_feed.TestNetworkOffers" name="test_reward_equals_payout_times_revenue_share" time="0.085" /><testcase classname="test_offer_feed.TestNetworkOffers" name="test_cached_ids_reference_real_offer_rows" time="0.134" /><testcase classname="test_offer_feed.TestNetworkOffers" name="test_idempotent_upsert_no_duplicates" time="0.823" /><testcase classname="test_offer_feed.TestProviderConfig" name="test_adbluemedia_provider_enabled" time="0.069" /><testcase classname="test_offer_feed.TestRLS" name="test_anon_read_blocked[offer_feed_cache]" time="0.348" /><testcase classname="test_offer_feed.TestRLS" name="test_anon_read_blocked[offer_feed_settings]" time="0.074" /><testcase classname="test_offer_feed.TestRLS" name="test_anon_write_blocked[offer_feed_cache]" time="0.066" /><testcase classname="test_offer_feed.TestRLS" name="test_anon_write_blocked[offer_feed_settings]" time="0.063" /><testcase classname="test_offer_feed.TestRLS" name="test_service_role_can_read" time="0.151" /><testcase classname="test_offer_feed.TestServerFunctionAuth" name="test_anon_key_present" time="0.001" /><testcase classname="test_offer_feed.TestServerFunctionAuth" name="test_env_points_to_correct_project" time="0.002" /></testsuite></testsuites>