<?xml version="1.0" encoding="utf-8"?><testsuites name="pytest tests"><testsuite name="pytest" errors="0" failures="0" skipped="0" tests="7" time="1.856" timestamp="2026-08-31T18:52:34.444843+00:00" hostname="agent-env-258fd0b7-a786-4657-90ed-4964844aa684"><testcase classname="tests.test_offers_rls_image_url" name="test_authenticated_offers_read_no_recursion" time="1.068" /><testcase classname="tests.test_offers_rls_image_url" name="test_anon_offers_read_no_recursion" time="0.219" /><testcase classname="tests.test_offers_rls_image_url" name="test_rls_hides_inactive_offers" time="0.076" /><testcase classname="tests.test_offers_rls_image_url" name="test_service_role_sees_inactive_offers_exist" time="0.205" /><testcase classname="tests.test_offers_rls_image_url" name="test_offers_image_url_column_exists_for_client" time="0.081" /><testcase classname="tests.test_offers_rls_image_url" name="test_image_url_backfilled_and_icon_not_a_url_when_manual" time="0.090" /><testcase classname="tests.test_offers_rls_image_url" name="test_offers_write_blocked_for_normal_user" time="0.093" /></testsuite></testsuites>