<?xml version="1.0" encoding="utf-8"?><testsuites name="pytest tests"><testsuite name="pytest" errors="0" failures="0" skipped="0" tests="22" time="0.046" timestamp="2026-08-29T10:21:38.380717+00:00" hostname="agent-env-9bf21555-0e21-4452-8451-319c762fa9d0"><testcase classname="tests.test_offer_manual_override_static.TestSyncEngineProtection" name="test_fetches_manual_flags_for_provider" time="0.001" /><testcase classname="tests.test_offer_manual_override_static.TestSyncEngineProtection" name="test_flag_fetch_happens_after_adapter_fetch_and_before_rows" time="0.000" /><testcase classname="tests.test_offer_manual_override_static.TestSyncEngineProtection" name="test_builds_map_keyed_by_external_offer_id" time="0.000" /><testcase classname="tests.test_offer_manual_override_static.TestSyncEngineProtection" name="test_deletes_locked_columns_from_row" time="0.000" /><testcase classname="tests.test_offer_manual_override_static.TestSyncEngineProtection" name="test_upsert_uses_mutated_rows" time="0.000" /><testcase classname="tests.test_offer_manual_override_static.TestSyncEngineProtection" name="test_category_still_sent_for_unlocked_offers" time="0.000" /><testcase classname="tests.test_offer_manual_override_static.TestSyncEngineProtection" name="test_error_from_flag_query_is_propagated" time="0.000" /><testcase classname="tests.test_offer_manual_override_static.TestSyncEngineProtection" name="test_manual_flag_lookup_is_paginated" time="0.000" /><testcase classname="tests.test_offer_manual_override_static.TestSyncEngineProtection" name="test_pagination_populates_single_map_declared_outside_loop" time="0.000" /><testcase classname="tests.test_offer_manual_override_static.TestUpdateOfferControls" name="test_impl_accepts_category_and_tags" time="0.000" /><testcase classname="tests.test_offer_manual_override_static.TestUpdateOfferControls" name="test_impl_flips_manual_flags_only_when_provided" time="0.000" /><testcase classname="tests.test_offer_manual_override_static.TestUpdateOfferControls" name="test_server_fn_zod_schema_accepts_category_and_tags" time="0.000" /><testcase classname="tests.test_offer_manual_override_static.TestStaleComments" name="test_torow_comment_no_longer_mentions_db_trigger" time="0.000" /><testcase classname="tests.test_offer_manual_override_static.TestStaleComments" name="test_migration_header_describes_sync_engine_strip" time="0.000" /><testcase classname="tests.test_offer_manual_override_static.TestStaleComments" name="test_trigger_mentions_only_in_migration_drops_and_notes" time="0.004" /><testcase classname="tests.test_offer_manual_override_static.TestMigrations" name="test_original_migration_no_longer_creates_trigger" time="0.000" /><testcase classname="tests.test_offer_manual_override_static.TestMigrations" name="test_original_migration_drops_trigger_and_function" time="0.000" /><testcase classname="tests.test_offer_manual_override_static.TestMigrations" name="test_cleanup_migration_is_idempotent_drop_only" time="0.000" /><testcase classname="tests.test_offer_manual_override_static.TestNoTriggerReferences" name="test_not_referenced_in_src[preserve_offer_admin_overrides]" time="0.003" /><testcase classname="tests.test_offer_manual_override_static.TestNoTriggerReferences" name="test_not_referenced_in_src[preserve_manual_offer_overrides]" time="0.003" /><testcase classname="tests.test_offer_manual_override_static.TestAdminSavePathUnaffected" name="test_writes_category_tags_and_flips_manual_flags" time="0.000" /><testcase classname="tests.test_offer_manual_override_static.TestAdminSavePathUnaffected" name="test_admin_path_has_no_manual_flag_guard_blocking_edits" time="0.000" /></testsuite></testsuites>